================================Erreur de script================================
Message :
divided by 0

Type : ZeroDivisionError
Script : 4_Systems_003_Map_Engine.rb (PSDK)
Ligne : 5305
Date : 24/08/2024 13:32:17
Game Version : 256
Logiciel : PSDK 26.29
===================================Backtraces===================================
[23] : 4_Systems_003_Map_Engine.rb (PSDK) | ligne 5305 %
[22] : 4_Systems_003_Map_Engine.rb (PSDK) | ligne 5305 update_charset_animation
[21] : 4_Systems_003_Map_Engine.rb (PSDK) | ligne 4256 update_pattern
[20] : 4_Systems_003_Map_Engine.rb (PSDK) | ligne 4223 update
[19] : 4_Systems_003_Map_Engine.rb (PSDK) | ligne 6048 update
[18] : 4_Systems_003_Map_Engine.rb (PSDK) | ligne 7566 each_value
[17] : 4_Systems_003_Map_Engine.rb (PSDK) | ligne 7566 update
[16] : 4_Systems_003_Map_Engine.rb (PSDK) | ligne 9034 auto_transfert_update
[15] : 4_Systems_003_Map_Engine.rb (PSDK) | ligne 9033 loop
[14] : 4_Systems_003_Map_Engine.rb (PSDK) | ligne 9033 auto_transfert_update
[13] : 4_Systems_003_Map_Engine.rb (PSDK) | ligne 8908 update
[12] : 0_Dependencies.rb (PSDK) | ligne 1325 run
[11] : 4_Systems_003_Map_Engine.rb (PSDK) | ligne 8908 update
[10] : 4_Systems_000_General_2_GamePlay__Base.rb (PSDK) | ligne 229 main_process
[9] : 4_Systems_000_General_2_GamePlay__Base.rb (PSDK) | ligne 140 main
[8] : tools/GameLoader/Z_main.rb (PSDK) | ligne 18 <top (required)>
[7] : tools/GameLoader/3_load_extensions.rb (PSDK) | ligne 46 rgss_main
[6] : tools/GameLoader/50_load_game_uncompiled.rb (PSDK) | ligne 48 <top (required)>
[5] : ScriptLoad.rb (PSDK) | ligne 198 require
[4] : ScriptLoad.rb (PSDK) | ligne 198 load_tool
[3] : tools/GameLoader/Z_load_uncompiled.rb (PSDK) | ligne 16 <top (required)>
[2] : ScriptLoad.rb (PSDK) | ligne 198 require
[1] : ScriptLoad.rb (PSDK) | ligne 198 load_tool
[0] : Game.rb (RMXP) | ligne 11 <main>
===================================Fin du log===================================